# JRE version: OpenJDK Runtime Environment (14.0.2+13) (build 14.0.2+13)
# Java VM: OpenJDK 64-Bit Server VM (14.0.2+13, mixed mode, sharing, tiered, compressed oops, g1 gc, windows-amd64)
Heap:
 garbage-first heap   total 524288K, used 23828K [0x0000000601400000, 0x0000000800000000)
  region size 2048K, 10 young (20480K), 5 survivors (10240K)
 Metaspace       used 22590K, capacity 23470K, committed 23620K, reserved 1071104K
  class space    used 2508K, capacity 2875K, committed 2944K, reserved 1048576K
GC Heap History (6 events):
Event: 8.970 GC heap before
{Heap before GC invocations=0 (full 0):
 garbage-first heap   total 524288K, used 24576K [0x0000000601400000, 0x0000000800000000)
  region size 2048K, 12 young (24576K), 0 survivors (0K)
 Metaspace       used 11526K, capacity 11911K, committed 12032K, reserved 1060864K
  class space    used 1300K, capacity 1470K, committed 1536K, reserved 1048576K
}
Event: 8.972 GC heap after
{Heap after GC invocations=1 (full 0):
 garbage-first heap   total 524288K, used 5820K [0x0000000601400000, 0x0000000800000000)
  region size 2048K, 2 young (4096K), 2 survivors (4096K)
 Metaspace       used 11526K, capacity 11911K, committed 12032K, reserved 1060864K
  class space    used 1300K, capacity 1470K, committed 1536K, reserved 1048576K
}
Event: 9.119 GC heap before
{Heap before GC invocations=1 (full 0):
 garbage-first heap   total 524288K, used 32444K [0x0000000601400000, 0x0000000800000000)
  region size 2048K, 16 young (32768K), 2 survivors (4096K)
 Metaspace       used 15540K, capacity 15920K, committed 16000K, reserved 1062912K
  class space    used 1702K, capacity 1865K, committed 1920K, reserved 1048576K
}
Event: 9.121 GC heap after
{Heap after GC invocations=2 (full 0):
 garbage-first heap   total 524288K, used 9015K [0x0000000601400000, 0x0000000800000000)
  region size 2048K, 2 young (4096K), 2 survivors (4096K)
 Metaspace       used 15540K, capacity 15920K, committed 16000K, reserved 1062912K
  class space    used 1702K, capacity 1865K, committed 1920K, reserved 1048576K
}
Event: 9.420 GC heap before
{Heap before GC invocations=2 (full 0):
 garbage-first heap   total 524288K, used 72503K [0x0000000601400000, 0x0000000800000000)
  region size 2048K, 34 young (69632K), 2 survivors (4096K)
 Metaspace       used 20279K, capacity 21146K, committed 21296K, reserved 1069056K
  class space    used 2266K, capacity 2638K, committed 2688K, reserved 1048576K
}
Event: 9.423 GC heap after
{Heap after GC invocations=3 (full 0):
 garbage-first heap   total 524288K, used 15636K [0x0000000601400000, 0x0000000800000000)
  region size 2048K, 5 young (10240K), 5 survivors (10240K)
 Metaspace       used 20279K, capacity 21146K, committed 21296K, reserved 1069056K
  class space    used 2266K, capacity 2638K, committed 2688K, reserved 1048576K
}

